<?xml version="1.0" encoding="UTF-8"?>
<!-- Generated by org.testng.reporters.JUnitXMLReporter -->
<testsuite ignored="0" hostname="Mac-mini-Gennadij.local" failures="0" tests="3" name="/Users/gennadijcebotar/IdeaProjects/Kassa24/src/test/java/test/sticker/sticker.java" time="34.709" errors="0" timestamp="2022-03-18T14:40:22 MSK">
  <testcase classname="test.sticker.sticker" name="checkResultSticker_fee" time="14.347"/>
  <testcase classname="test.sticker.sticker" name="checkResultSticker_pushkina" time="13.321"/>
  <testcase classname="test.sticker.sticker" name="checkResultSticker_tourist" time="6.98"/>
</testsuite> <!-- /Users/gennadijcebotar/IdeaProjects/Kassa24/src/test/java/test/sticker/sticker.java -->
